NOTE: Picked up JDK_JAVA_OPTIONS:  --add-opens=java.base/java.lang=ALL-UNNAMED --add-opens=java.base/java.io=ALL-UNNAMED --add-opens=java.base/java.util=ALL-UNNAMED --add-opens=java.base/java.util.concurrent=ALL-UNNAMED --add-opens=java.rmi/sun.rmi.transport=ALL-UNNAMED
14-Sep-2021 15:21:40.580 INFO [main] org.apache.catalina.startup.VersionLoggerListener.log Server version name:   Apache Tomcat/8.5.71
14-Sep-2021 15:21:40.591 INFO [main] org.apache.catalina.startup.VersionLoggerListener.log Server built:          Sep 9 2021 18:43:14 UTC
14-Sep-2021 15:21:40.591 INFO [main] org.apache.catalina.startup.VersionLoggerListener.log Server version number: 8.5.71.0
14-Sep-2021 15:21:40.591 INFO [main] org.apache.catalina.startup.VersionLoggerListener.log OS Name:               Mac OS X
14-Sep-2021 15:21:40.592 INFO [main] org.apache.catalina.startup.VersionLoggerListener.log OS Version:            11.5
14-Sep-2021 15:21:40.592 INFO [main] org.apache.catalina.startup.VersionLoggerListener.log Architecture:          x86_64
14-Sep-2021 15:21:40.592 INFO [main] org.apache.catalina.startup.VersionLoggerListener.log Java Home:             /Library/Java/JavaVirtualMachines/jdk-16.0.1.jdk/Contents/Home
14-Sep-2021 15:21:40.595 INFO [main] org.apache.catalina.startup.VersionLoggerListener.log JVM Version:           16.0.1+9-24
14-Sep-2021 15:21:40.595 INFO [main] org.apache.catalina.startup.VersionLoggerListener.log JVM Vendor:            Oracle Corporation
14-Sep-2021 15:21:40.596 INFO [main] org.apache.catalina.startup.VersionLoggerListener.log CATALINA_BASE:         /Users/kirkhahn/Desktop/revature-notes/apache-tomcat-8.5.71
14-Sep-2021 15:21:40.596 INFO [main] org.apache.catalina.startup.VersionLoggerListener.log CATALINA_HOME:         /Users/kirkhahn/Desktop/revature-notes/apache-tomcat-8.5.71
14-Sep-2021 15:21:40.612 INFO [main] org.apache.catalina.startup.VersionLoggerListener.log Command line argument: --add-opens=java.base/java.lang=ALL-UNNAMED
14-Sep-2021 15:21:40.613 INFO [main] org.apache.catalina.startup.VersionLoggerListener.log Command line argument: --add-opens=java.base/java.io=ALL-UNNAMED
14-Sep-2021 15:21:40.613 INFO [main] org.apache.catalina.startup.VersionLoggerListener.log Command line argument: --add-opens=java.base/java.util=ALL-UNNAMED
14-Sep-2021 15:21:40.613 INFO [main] org.apache.catalina.startup.VersionLoggerListener.log Command line argument: --add-opens=java.base/java.util.concurrent=ALL-UNNAMED
14-Sep-2021 15:21:40.614 INFO [main] org.apache.catalina.startup.VersionLoggerListener.log Command line argument: --add-opens=java.rmi/sun.rmi.transport=ALL-UNNAMED
14-Sep-2021 15:21:40.614 INFO [main] org.apache.catalina.startup.VersionLoggerListener.log Command line argument: -Djava.util.logging.config.file=/Users/kirkhahn/Desktop/revature-notes/apache-tomcat-8.5.71/conf/logging.properties
14-Sep-2021 15:21:40.614 INFO [main] org.apache.catalina.startup.VersionLoggerListener.log Command line argument: -Djava.util.logging.manager=org.apache.juli.ClassLoaderLogManager
14-Sep-2021 15:21:40.614 INFO [main] org.apache.catalina.startup.VersionLoggerListener.log Command line argument: -Djdk.tls.ephemeralDHKeySize=2048
14-Sep-2021 15:21:40.615 INFO [main] org.apache.catalina.startup.VersionLoggerListener.log Command line argument: -Djava.protocol.handler.pkgs=org.apache.catalina.webresources
14-Sep-2021 15:21:40.616 INFO [main] org.apache.catalina.startup.VersionLoggerListener.log Command line argument: -Dorg.apache.catalina.security.SecurityListener.UMASK=0027
14-Sep-2021 15:21:40.616 INFO [main] org.apache.catalina.startup.VersionLoggerListener.log Command line argument: -Dignore.endorsed.dirs=
14-Sep-2021 15:21:40.616 INFO [main] org.apache.catalina.startup.VersionLoggerListener.log Command line argument: -Dcatalina.base=/Users/kirkhahn/Desktop/revature-notes/apache-tomcat-8.5.71
14-Sep-2021 15:21:40.616 INFO [main] org.apache.catalina.startup.VersionLoggerListener.log Command line argument: -Dcatalina.home=/Users/kirkhahn/Desktop/revature-notes/apache-tomcat-8.5.71
14-Sep-2021 15:21:40.617 INFO [main] org.apache.catalina.startup.VersionLoggerListener.log Command line argument: -Djava.io.tmpdir=/Users/kirkhahn/Desktop/revature-notes/apache-tomcat-8.5.71/temp
14-Sep-2021 15:21:40.617 INFO [main] org.apache.catalina.core.AprLifecycleListener.lifecycleEvent The Apache Tomcat Native library which allows using OpenSSL was not found on the java.library.path: [/Users/kirkhahn/Library/Java/Extensions:/Library/Java/Extensions:/Network/Library/Java/Extensions:/System/Library/Java/Extensions:/usr/lib/java:.]
14-Sep-2021 15:21:40.715 INFO [main] org.apache.coyote.AbstractProtocol.init Initializing ProtocolHandler ["http-nio-8080"]
14-Sep-2021 15:21:41.267 INFO [main] org.apache.tomcat.util.net.NioSelectorPool.getSharedSelector Using a shared selector for servlet write/read
14-Sep-2021 15:21:41.706 INFO [main] org.apache.catalina.startup.Catalina.load Initialization processed in 3659 ms
14-Sep-2021 15:21:42.375 INFO [main] org.apache.catalina.core.StandardService.startInternal Starting service [Catalina]
14-Sep-2021 15:21:42.377 INFO [main] org.apache.catalina.core.StandardEngine.startInternal Starting Servlet engine: [Apache Tomcat/8.5.71]
14-Sep-2021 15:21:42.546 INFO [localhost-startStop-1] org.apache.catalina.startup.HostConfig.deployDirectory Deploying web application directory [/Users/kirkhahn/Desktop/revature-notes/apache-tomcat-8.5.71/webapps/docs]
14-Sep-2021 15:21:44.128 INFO [localhost-startStop-1] org.apache.catalina.startup.HostConfig.deployDirectory Deployment of web application directory [/Users/kirkhahn/Desktop/revature-notes/apache-tomcat-8.5.71/webapps/docs] has finished in [1,581] ms
14-Sep-2021 15:21:44.129 INFO [localhost-startStop-1] org.apache.catalina.startup.HostConfig.deployDirectory Deploying web application directory [/Users/kirkhahn/Desktop/revature-notes/apache-tomcat-8.5.71/webapps/manager]
14-Sep-2021 15:21:44.257 INFO [localhost-startStop-1] org.apache.catalina.startup.HostConfig.deployDirectory Deployment of web application directory [/Users/kirkhahn/Desktop/revature-notes/apache-tomcat-8.5.71/webapps/manager] has finished in [126] ms
14-Sep-2021 15:21:44.261 INFO [localhost-startStop-1] org.apache.catalina.startup.HostConfig.deployDirectory Deploying web application directory [/Users/kirkhahn/Desktop/revature-notes/apache-tomcat-8.5.71/webapps/examples]
14-Sep-2021 15:21:45.271 INFO [localhost-startStop-1] org.apache.catalina.startup.HostConfig.deployDirectory Deployment of web application directory [/Users/kirkhahn/Desktop/revature-notes/apache-tomcat-8.5.71/webapps/examples] has finished in [1,013] ms
14-Sep-2021 15:21:45.272 INFO [localhost-startStop-1] org.apache.catalina.startup.HostConfig.deployDirectory Deploying web application directory [/Users/kirkhahn/Desktop/revature-notes/apache-tomcat-8.5.71/webapps/ROOT]
14-Sep-2021 15:21:45.403 INFO [localhost-startStop-1] org.apache.catalina.startup.HostConfig.deployDirectory Deployment of web application directory [/Users/kirkhahn/Desktop/revature-notes/apache-tomcat-8.5.71/webapps/ROOT] has finished in [123] ms
14-Sep-2021 15:21:45.405 INFO [localhost-startStop-1] org.apache.catalina.startup.HostConfig.deployDirectory Deploying web application directory [/Users/kirkhahn/Desktop/revature-notes/apache-tomcat-8.5.71/webapps/host-manager]
14-Sep-2021 15:21:45.996 INFO [localhost-startStop-1] org.apache.catalina.startup.HostConfig.deployDirectory Deployment of web application directory [/Users/kirkhahn/Desktop/revature-notes/apache-tomcat-8.5.71/webapps/host-manager] has finished in [590] ms
14-Sep-2021 15:21:46.005 INFO [main] org.apache.coyote.AbstractProtocol.start Starting ProtocolHandler ["http-nio-8080"]
14-Sep-2021 15:21:46.028 INFO [main] org.apache.catalina.startup.Catalina.start Server startup in 4319 ms
14-Sep-2021 15:22:21.105 INFO [main] org.apache.catalina.core.StandardServer.await A valid shutdown command was received via the shutdown port. Stopping the Server instance.
14-Sep-2021 15:22:21.108 INFO [main] org.apache.coyote.AbstractProtocol.pause Pausing ProtocolHandler ["http-nio-8080"]
14-Sep-2021 15:22:21.117 INFO [main] org.apache.catalina.core.StandardService.stopInternal Stopping service [Catalina]
14-Sep-2021 15:22:21.202 INFO [main] org.apache.coyote.AbstractProtocol.stop Stopping ProtocolHandler ["http-nio-8080"]
14-Sep-2021 15:22:21.220 INFO [main] org.apache.coyote.AbstractProtocol.destroy Destroying ProtocolHandler ["http-nio-8080"]
